<?xml version="1.0" encoding="UTF-8"?>
<!-- Generated by org.testng.reporters.JUnitReportReporter -->
<testsuite hostname="DESKTOP-F97KTJJ" name="runner.testrunner" tests="1" failures="0" timestamp="6 Jul 2020 15:15:14 GMT" time="31.880" errors="0">
  <testcase name="feature" time="31.880" classname="runner.testrunner"/>
</testsuite> <!-- runner.testrunner -->
