<?xml version="1.0" encoding="UTF-8"?>
<!-- Generated by org.testng.reporters.JUnitReportReporter -->
<testsuite hostname="DESKTOP-F97KTJJ" name="runner.testrunner" tests="1" failures="0" timestamp="10 Jul 2020 13:33:06 GMT" time="34.863" errors="0">
  <testcase name="feature" time="34.863" classname="runner.testrunner"/>
</testsuite> <!-- runner.testrunner -->
