<?xml version="1.0" encoding="UTF-8"?>
<!-- Generated by org.testng.reporters.JUnitReportReporter -->
<testsuite skipped="0" hostname="DESKTOP-F97KTJJ" name="runner.testrunner" tests="1" failures="0" timestamp="10 Jul 2020 03:35:48 GMT" time="469.999" errors="0">
  <testcase name="feature" time="469.999" classname="runner.testrunner"/>
</testsuite> <!-- runner.testrunner -->
